c:\users\connor\onedrive - school district 44 (north vancouver)\grade 9\dma\caelesti island project\caelesti island v4.1\x64\debug\vc142.pdb
c:\users\connor\onedrive - school district 44 (north vancouver)\grade 9\dma\caelesti island project\caelesti island v4.1\x64\debug\vc142.idb
c:\users\connor\onedrive - school district 44 (north vancouver)\grade 9\dma\caelesti island project\caelesti island v4.1\x64\debug\universalfunctions.obj
c:\users\connor\onedrive - school district 44 (north vancouver)\grade 9\dma\caelesti island project\caelesti island v4.1\x64\debug\beach.obj
c:\users\connor\onedrive - school district 44 (north vancouver)\grade 9\dma\caelesti island project\caelesti island v4.1\x64\debug\cliff.obj
c:\users\connor\onedrive - school district 44 (north vancouver)\grade 9\dma\caelesti island project\caelesti island v4.1\x64\debug\civilization.obj
c:\users\connor\onedrive - school district 44 (north vancouver)\grade 9\dma\caelesti island project\caelesti island v4.1\x64\debug\cave[2].obj
c:\users\connor\onedrive - school district 44 (north vancouver)\grade 9\dma\caelesti island project\caelesti island v4.1\x64\debug\cave[1].obj
c:\users\connor\onedrive - school district 44 (north vancouver)\grade 9\dma\caelesti island project\caelesti island v4.1\x64\debug\caelesti island.obj
c:\users\connor\onedrive - school district 44 (north vancouver)\grade 9\dma\caelesti island project\caelesti island v4.1\x64\debug\jungle.obj
c:\users\connor\onedrive - school district 44 (north vancouver)\grade 9\dma\caelesti island project\caelesti island v4.1\x64\debug\gamedata.obj
c:\users\connor\onedrive - school district 44 (north vancouver)\grade 9\dma\caelesti island project\caelesti island v4.1\x64\debug\crusherroom.obj
c:\users\055791s\onedrive - school district 44\grade 9\dma\caelesti island project\caelesti island v4.1\x64\debug\vc142.pdb
c:\users\055791s\onedrive - school district 44\grade 9\dma\caelesti island project\caelesti island v4.1\x64\debug\vc142.idb
c:\users\055791s\onedrive - school district 44\grade 9\dma\caelesti island project\caelesti island v4.1\x64\debug\universalfunctions.obj
c:\users\055791s\onedrive - school district 44\grade 9\dma\caelesti island project\caelesti island v4.1\x64\debug\jungle.obj
c:\users\055791s\onedrive - school district 44\grade 9\dma\caelesti island project\caelesti island v4.1\x64\debug\gamedata.obj
c:\users\055791s\onedrive - school district 44\grade 9\dma\caelesti island project\caelesti island v4.1\x64\debug\civilization.obj
c:\users\055791s\onedrive - school district 44\grade 9\dma\caelesti island project\caelesti island v4.1\x64\debug\cave[2].obj
c:\users\055791s\onedrive - school district 44\grade 9\dma\caelesti island project\caelesti island v4.1\x64\debug\crusherroom.obj
c:\users\055791s\onedrive - school district 44\grade 9\dma\caelesti island project\caelesti island v4.1\x64\debug\cliff.obj
c:\users\055791s\onedrive - school district 44\grade 9\dma\caelesti island project\caelesti island v4.1\x64\debug\cave[1].obj
c:\users\055791s\onedrive - school district 44\grade 9\dma\caelesti island project\caelesti island v4.1\x64\debug\caelesti island.obj
c:\users\055791s\onedrive - school district 44\grade 9\dma\caelesti island project\caelesti island v4.1\x64\debug\beach.obj
c:\users\connor\onedrive - school district 44 (north vancouver)\grade 9\dma\caelesti island project\caelesti island v4.1\x64\debug\caelesti island.exe
c:\users\connor\onedrive - school district 44 (north vancouver)\grade 9\dma\caelesti island project\caelesti island v4.1\x64\debug\caelesti island.ilk
c:\users\connor\onedrive - school district 44 (north vancouver)\grade 9\dma\caelesti island project\caelesti island v4.1\x64\debug\caelesti island.pdb
c:\users\055791s\onedrive - school district 44\grade 9\dma\caelesti island project\caelesti island v4.1\x64\debug\caelesti island.ilk
c:\users\055791s\onedrive - school district 44\grade 9\dma\caelesti island project\caelesti island v4.1\x64\debug\caelesti island.exe
c:\users\055791s\onedrive - school district 44\grade 9\dma\caelesti island project\caelesti island v4.1\x64\debug\caelesti island.pdb
c:\users\055791s\onedrive - school district 44\grade 9\dma\caelesti island project\caelesti island v4.1\x64\debug\caelesti island.tlog\cl.command.1.tlog
c:\users\055791s\onedrive - school district 44\grade 9\dma\caelesti island project\caelesti island v4.1\x64\debug\caelesti island.tlog\cl.read.1.tlog
c:\users\055791s\onedrive - school district 44\grade 9\dma\caelesti island project\caelesti island v4.1\x64\debug\caelesti island.tlog\cl.write.1.tlog
c:\users\055791s\onedrive - school district 44\grade 9\dma\caelesti island project\caelesti island v4.1\x64\debug\caelesti island.tlog\link.command.1.tlog
c:\users\055791s\onedrive - school district 44\grade 9\dma\caelesti island project\caelesti island v4.1\x64\debug\caelesti island.tlog\link.read.1.tlog
c:\users\055791s\onedrive - school district 44\grade 9\dma\caelesti island project\caelesti island v4.1\x64\debug\caelesti island.tlog\link.write.1.tlog
